Arguments: 
  /usr/bin/node /usr/share/yarn/bin/yarn.js start

PATH: 
  /home/suonbonuong/.local/bin:/usr/local/sbin:/usr/local/bin:/usr/sbin:/usr/bin:/sbin:/bin:/usr/games:/usr/local/games:/snap/bin

Yarn version: 
  1.22.5

Node version: 
  14.15.1

Platform: 
  linux x64

Trace: 
  SyntaxError: /home/suonbonuong/MyBlog/package.json: Unexpected token } in JSON at position 173
      at JSON.parse (<anonymous>)
      at /usr/share/yarn/lib/cli.js:1625:59
      at Generator.next (<anonymous>)
      at step (/usr/share/yarn/lib/cli.js:310:30)
      at /usr/share/yarn/lib/cli.js:321:13

npm manifest: 
  {
    "name": "myblog",
    "version": "1.0.0",
    "main": "index.js",
    "scripts": {
      "test": "echo \"Error: no test specified\" && exit 1",
      "devStart": "nodemon app",
    },
    "keywords": [],
    "author": "",
    "license": "ISC",
    "dependencies": {
      "ejs": "^3.1.5",
      "express": "^4.17.1",
      "mongoose": "^5.10.16"
    },
    "devDependencies": {},
    "description": ""
  }

yarn manifest: 
  No manifest

Lockfile: 
  No lockfile
